1563.0: (-0.053743017927018, -0.12011265722010918)
1564.0: (-0.06759728923584339, -0.13097244409690662)
1565.0: (-0.08085580447042301, -0.1421340246547267)
1566.0: (-0.07199413435983937, -0.1483885138757709)
1567.0: (-0.06151811676904595, -0.15480827726003135)
1568.0: (-0.051682635986599265, -0.1604796475974498)
1569.0: (-0.042172615515153146, -0.1661055721837388)
1570.0: (-0.03127961878578111, -0.17170564251397807)
1571.0: (-0.023533134848242477, -0.1767362067040883)
1572.0: (-0.012542379488762849, -0.18274878316698834)
1573.0: (-0.013199925199770165, -0.18122443024207524)
1574.0: (0.10128912283236179, 0.1349377243443404)
1575.0: (0.09792217004638039, 0.13155365963183696)
1576.0: (0.09576405922861245, 0.12853312468602698)
1577.0: (-0.13433662028867327, -0.15338061811698223)
1578.0: (-0.14568677296319207, -0.15654111864394438)
1579.0: (-0.15672678747256005, -0.16009260030136577)
1580.0: (-0.14847010157990864, -0.15949151021818037)
1581.0: (0.11239632404729756, 0.11071701279324922)
1582.0: (0.17311283770964156, 0.15437306588367392)
1583.0: (0.17991226985124326, 0.15072632273095765)
1584.0: (0.18460749694504316, 0.14966081679164336)
1585.0: (0.18830048045685838, 0.14906564285751045)
1586.0: (0.19349005466159605, 0.14784519807637464)
1587.0: (-0.15737155994192548, 0.07994624182729569)
1588.0: (-0.16836789031318478, 0.07284619734920271)
1589.0: (-0.10231752605739919, -0.17610201211156362)
1590.0: (-0.09451777433782808, -0.18733605734734463)
1591.0: (-0.08997869072705618, -0.20046359731303062)
1592.0: (-0.08610660620188196, -0.21402499111191745)
1593.0: (-0.08136295189991397, -0.22701094453533469)
1594.0: (-0.2083279029327718, 0.004160017834620483)
1595.0: (-0.21853950973467554, 1.0632735167152461E-4)
1596.0: (-0.2076207203720108, 5.987191919877002E-4)
1597.0: (-0.19910050067905594, 0.0023718101924574027)
1598.0: (-0.18637684795092838, -0.006900661846484807)
1599.0: (-0.17655259726761974, -0.015553217565946468)
1600.0: (-0.16402559798854643, -0.02336773611428931)
1601.0: (-0.15299564621301548, -0.029614445006467423)
1602.0: (-0.1408962820455105, -0.034378218568838985)
1603.0: (-0.134036977281111, -0.03325847813703426)
1604.0: (-0.12172545679619007, -0.03913893709138304)
1605.0: (-0.10972152763615273, -0.0446317117954871)
1606.0: (0.11901752134977839, -0.15420231296131015)
1607.0: (0.12509591653848068, -0.1659832564288395)
1608.0: (0.03237165413262393, 0.16442884972204808)
1609.0: (0.04224161747355238, 0.15750276947108077)
1610.0: (0.051360766017707615, 0.15144383897721803)
1611.0: (0.06005213380514926, 0.13848292049207037)
1612.0: (0.06861576352911947, 0.12607107766006728)
1613.0: (0.07621043784172929, 0.11418070915291871)
1614.0: (0.08510696137301696, 0.10333303846249914)
1615.0: (0.09361916830061956, 0.09310317912662448)
1616.0: (0.10280954330647293, 0.08370728285538229)
1617.0: (0.11268117014371909, 0.0738904716014659)
1618.0: (0.12311769244028728, 0.06522815161588992)
1619.0: (0.11973134839964461, 0.04720213709778484)
1620.0: (0.11780398238209679, 0.029127937472779395)
1621.0: (0.11783430117696775, 0.010884181297304769)
1622.0: (0.120244788069021, -0.007063690433420231)
1623.0: (0.12348868991635656, -0.024541654344277325)
1624.0: (0.12834905052068013, -0.041140848227535755)
1625.0: (0.13266207212831138, -0.05706112790368241)
1626.0: (0.13756597656068525, -0.07234818528178724)
1627.0: (0.12446003495005686, -0.0856875199683922)
1628.0: (0.11450827588821057, -0.10113927334504293)
1629.0: (0.10895280252052927, -0.11810084648269124)
1630.0: (0.10560517207736175, -0.1349985470990468)
1631.0: (0.10169917117920506, -0.1509303227190308)
1632.0: (0.1007703852075508, -0.16680353958165317)
1633.0: (0.1011279902257609, -0.18200243696888535)
1634.0: (0.102875624864301, -0.19647478672892646)
1635.0: (0.11123789233763266, -0.20646929635916808)
1636.0: (0.11834138899588562, -0.21692534852593395)
1637.0: (0.12509025643859506, -0.2278918665858659)
1638.0: (0.1307434535589479, -0.23925786500639734)
1639.0: (-0.15868979809022576, 0.024791479752393347)
1640.0: (-0.16859742928646496, 0.02082219494886806)
1641.0: (-0.1782185698040523, 0.019335230643284858)
1642.0: (-0.16717300461579646, 0.01707500409142038)
1643.0: (-0.15666356055459973, 0.015313704234235666)
1644.0: (-0.1463362239456477, 0.0032431347068122476)
1645.0: (-0.1376612506066463, -0.008599380814407516)
1646.0: (-0.12884708889709034, -0.02073561828182689)
1647.0: (-0.11854051626683704, -0.03333046422749106)
1648.0: (-0.10828774901723115, -0.04620907979464165)
1649.0: (-0.09704514423837102, -0.05988314450051531)
1650.0: (-0.08636924253769282, -0.07384195391022094)
1651.0: (-0.07749708427962661, -0.08841792242730971)
1652.0: (-0.07027757667640665, -0.1035482077907799)
1653.0: (-0.052737020374346695, -0.12526431318730522)
1654.0: (-0.037818516888662695, -0.14848426061128606)
1655.0: (-0.024628257045339823, -0.17165554030893623)
1656.0: (-0.00395496663946561, -0.17931553941322642)
1657.0: (0.016714346844020688, -0.18696062904621968)
1658.0: (-0.1332997225108383, 0.1675849798742251)
1659.0: (0.038004227397935623, 0.22161239663434928)
1660.0: (0.0562775650976117, 0.21094782617379101)
1661.0: (0.07230130690379466, 0.18766012121794357)
1662.0: (0.09025656305158188, 0.1688586092946903)
1663.0: (0.06799221731770454, 0.1599523521300225)
1664.0: (-0.08027772092150375, -0.14750305030181152)
1665.0: (-0.09581116120455813, -0.14133339131981068)
1666.0: (-0.11273287230704362, -0.13706405246998596)
1667.0: (-0.12966672081502778, -0.13509376796943773)
1668.0: (-0.13133509387906092, -0.12151739489579035)
1669.0: (-0.13370686779942795, -0.10898696760821594)
1670.0: (-0.11912141942071143, -0.10133039241670062)
1671.0: (-0.03052481917123145, 0.1811458945860446)
1672.0: (-0.0204448160191964, 0.18683303469008927)
1673.0: (-0.031997905175817055, 0.19380065844161315)
1674.0: (-0.04250302146741718, 0.2018669610903368)
1675.0: (-0.06353422973004597, 0.1985925617065493)
1676.0: (-0.08268774671657879, 0.1978825184766585)
1677.0: (-0.0924284520511742, 0.1943161099639639)
1678.0: (-0.10030902050543382, 0.17889420381913432)
1679.0: (0.06831095546699893, -0.14566006862074965)
1680.0: (0.10355201651321724, -0.20819447836343224)
1681.0: (0.09324999243534934, -0.21855911649833834)
1682.0: (0.08406113061909169, -0.2303569849605813)
1683.0: (0.07302742125085679, -0.22882680274656544)
1684.0: (0.05338232071598285, -0.22393691457431902)
1685.0: (0.05130543086549346, -0.20808773339154882)
1686.0: (-5.077330053962382E-4, 0.1612710502827036)
1687.0: (0.016147676196731426, 0.1612020780141729)
1688.0: (0.029770764849484682, 0.16608729022928875)
1689.0: (0.04365143644866445, 0.16908658311330965)
1690.0: (0.059585467466590214, 0.17047934195857006)
1691.0: (0.05462870674790154, 0.1822857433539246)
1692.0: (0.05218241953188104, 0.1839470504171925)
1693.0: (0.059865832031431844, 0.1807123048301264)
1694.0: (0.06643761064443833, 0.17819167328422356)
1695.0: (-0.11950087144478452, -0.11314944831342365)
1696.0: (-0.11998495325879371, -0.10835263421673616)
1697.0: (-0.12002369372882327, -0.10393752512348516)
1698.0: (-0.11991863613759648, -0.09987212169570024)
1699.0: (0.1710715230649929, 0.024947517976993894)
1700.0: (0.1670706840733864, 0.027443435824230297)
1701.0: (0.16408721462714906, 0.02981037986761306)
1702.0: (0.16036609989691325, 0.03248111732981772)
1703.0: (0.15512306455469904, 0.03413428368325625)
1704.0: (0.1494260505681275, 0.03605880187967338)
1705.0: (0.14545186085114664, 0.03772252591902231)
1706.0: (0.14217848537907363, 0.03910002842643721)
1707.0: (0.13746316443924636, 0.040533811983142466)
1708.0: (0.13488041945841384, 0.04091993294015776)
1709.0: (0.1315096486051075, 0.04095399115614737)
1710.0: (0.1305109708719492, 0.040243172453952376)
1711.0: (0.12756742421486827, 0.039147299528738334)
1712.0: (0.12562171180429194, 0.03726396748218877)
1713.0: (0.1240441135532421, 0.0346685013949128)
1714.0: (0.12377044572465687, 0.03146329611972011)
1715.0: (0.11577865431052688, 0.028177849203620722)
1716.0: (0.10709334678185, 0.0244928490847204)
1717.0: (0.09949887315202238, 0.01966615102608183)
1719.0: (0.08819298513855495, 0.008049622746990757)
1721.0: (0.07899735372163247, -0.007939458339013338)
1723.0: (0.06447550204115494, -0.026076537906395917)
1725.0: (-0.07446537752221215, 0.17037952194816933)
1727.0: (-0.09450856616047885, 0.19138764932963168)
1729.0: (-0.11417812346133074, 0.2020180099254415)
1731.0: (-0.10713266471472337, 0.13136503068678856)
1733.0: (-0.11026645387785818, 0.06655971777395758)
1735.0: (-0.1207923223544465, 0.006036772479352611)
1737.0: (0.021449083331403565, -0.19427204042117716)
1739.0: (-0.007496461324354432, -0.24416440508447154)
1741.0: (-0.09443583932039606, 0.1291521808167888)
1743.0: (-0.08600647716860937, 0.107302990949855)
1745.0: (0.1796776095119586, 0.06399731928854788)
1747.0: (0.17824996032009588, 0.04237525092895206)
1749.0: (-0.09480223243842217, 0.14436004731590646)
1751.0: (-0.08945016620949665, 0.12271279229911931)
1753.0: (-0.08533512356829191, 0.10289324813656939)
1755.0: (-0.08492200680802577, 0.084391974586664)
1757.0: (-0.08185814447735391, 0.06428000100875483)
1759.0: (0.18295843891432595, 0.019887701249036452)
1761.0: (0.18915533382836583, -0.008183914524052042)
1763.0: (0.17423726569734055, -0.04408931091563069)
1765.0: (0.14189706349402556, -0.0875988257624579)
1767.0: (0.11563149988180707, -0.13006503142395653)
1769.0: (0.09498435501457887, -0.17087434757243913)
1771.0: (0.0775659103126227, -0.20943956858951346)
1773.0: (0.06613119554929696, -0.2258077000292419)
1775.0: (0.07063949769530689, -0.22329568036028838)
1777.0: (0.08194402946662434, -0.22286136720474012)
1779.0: (-0.0840907603823256, 0.12918565940592916)
1781.0: (-0.06158491395390003, 0.14234924434385393)
1783.0: (-0.04000471293063927, 0.1386487809917096)
1785.0: (-0.01940841826373962, 0.12102881319306816)
1787.0: (-0.04059352478495659, 0.08263920570983908)
1789.0: (-0.057407199674964556, 0.03762812678187029)
1791.0: (-0.06694280388018561, -0.015104392968022975)
1793.0: (-0.10789178087855028, -0.19148242528765977)
1795.0: (-0.0957901897847441, -0.2259009697910423)
1797.0: (-0.06175962430752345, -0.25055674649548104)
1799.0: (-0.02488881149043737, -0.26574925781388037)
1801.0: (0.005685330493802131, -0.2559502372022508)
1803.0: (-0.17412359828581678, 0.039602478979363934)
1805.0: (-0.16627446822368155, 0.05677804255026446)
1807.0: (0.15190558367276133, 0.10171389009592646)
1809.0: (0.18523053005103934, 0.0768877850243653)
1811.0: (-0.1295378723349567, 0.10969219840579053)
1813.0: (-0.09749806061868052, 0.06333714250253922)
1815.0: (-0.05917469378904436, 0.02623289741157721)
1817.0: (0.14817444619955072, -0.1561347736570183)
1819.0: (0.14211610448377265, -0.20518570766933433)
1821.0: (-0.13308283898914838, 0.053703491934363703)
1823.0: (-0.17628861624608677, 0.11464517462107687)
1825.0: (-0.19569721140279583, 0.05916998877447219)
1827.0: (-0.22318819324517492, 0.014748308593795825)
1829.0: (0.10905071246545334, 0.14799341357816728)
1831.0: (0.10395345363086063, 0.13234158841902255)
1833.0: (-0.03648795978108862, -0.20741231919791092)
1835.0: (-0.0470692081816013, -0.17738795660762524)
1837.0: (-0.04496890806602191, -0.1489448766449369)
1839.0: (-0.006054638395664877, -0.15262885974630935)
1841.0: (0.033492738562236536, -0.16281471988264762)
1843.0: (0.07184794656537902, -0.18102438097107124)
1845.0: (-0.17068018993914125, 0.014814268541605002)
1847.0: (-0.13154405609386413, -0.01678716407031486)
1849.0: (-0.09538938008661295, -0.03303367261959973)
1851.0: (-0.06211753555180106, -0.07253955765152335)
1853.0: (-0.03115192234877234, -0.11748273357745467)
1855.0: (-0.0053796120995911086, -0.16343919605177087)
1857.0: (0.10121679282213936, 0.13335544636595595)
1859.0: (-0.17467766226602066, 0.03219123520971861)
1861.0: (-0.1448383247906077, -0.022191452294925487)
1863.0: (0.07432014011117914, 0.1562384954292946)
1865.0: (0.04794404166687021, 0.089252517914698)
1867.0: (0.022617097577564936, 0.021408998858681572)
1869.0: (-0.19913573500118573, 0.029319804820645563)
1871.0: (0.06442471195989061, 0.12046821965069486)
1873.0: (0.10154861382095859, -0.15370475214428508)
1875.0: (-0.19596905879424492, 0.0045832749461992926)
1877.0: (-0.19054414605677344, -0.07115371872798258)
1879.0: (-0.20555220722614231, -0.1356081363174705)
1881.0: (-0.23283193812779454, -0.1869890521295054)
1883.0: (-0.2630890764237996, -0.2241157608563573)
1885.0: (0.22830509151425363, 0.0028463011890709593)
1887.0: (0.22184985911933947, 0.026232614411195204)
1889.0: (0.20168240114517713, 0.04074284112000724)
1891.0: (0.16128194600434242, 0.05052364307932483)
1893.0: (0.1258984762536872, 0.06314654891621355)
1895.0: (0.05732299889411119, -0.18923566005729742)
1897.0: (0.033149662840012924, -0.23344741261494117)
1899.0: (0.055264862602889, 0.14463621647010497)
1901.0: (0.021701553157441822, 0.13529670153778514)
1903.0: (-0.18649937231270788, -0.058684473362689386)
1905.0: (-0.20700003297244232, -0.04014050551531288)
1907.0: (-0.19815241465204442, -0.013049571934600695)
1909.0: (0.07933068567042902, 0.21029283437261445)
1911.0: (0.2148736040426574, 0.12977337105932907)
1913.0: (0.19982473423029873, 0.11016201678296779)
1915.0: (0.23044282929764867, 0.11497498258317297)
1917.0: (-0.12868763627826754, 0.06852012854946236)
1919.0: (-0.09667629401450147, 0.08068092558209519)
1921.0: (0.1219725447404776, -0.15436719185095998)
1923.0: (-0.16719264818319224, 0.005956395869660364)
1925.0: (-0.1591177789456779, 0.017582374941679135)
1927.0: (-0.20476723069941802, 0.013983661259344918)
1929.0: (-0.163048475430999, -0.011281236137917375)
1931.0: (-0.1224909808195218, -0.03642465906633684)
1933.0: (-0.08231872272088644, -0.06336760420661285)
1935.0: (-0.04673091359314985, -0.09963446313620518)
1937.0: (-0.0216247445502096, -0.14546912288182812)
1939.0: (0.009297781084015097, 0.17408980774556893)
1941.0: (-0.021246060700841403, 0.18275658601964903)
1943.0: (-0.04351799460760289, 0.19698004536283698)
1945.0: (-0.008580310349594604, 0.15903556352466067)
1947.0: (-0.16176654154747339, -0.08233411626143494)
1949.0: (-0.1731842100231192, -0.14447590101698035)
1951.0: (0.11372325788377106, -0.12529657453076182)
1953.0: (0.07777996951731175, -0.10881605214566592)
1955.0: (0.03921612513597164, -0.09672080537670001)
1957.0: (0.048584875550412576, 0.1768000041920125)
1959.0: (-0.1703225195960378, -0.16091736370765303)
1961.0: (-0.19826490727470653, -0.14285190915280338)
1963.0: (0.14846122947545526, -0.128718482498388)
1965.0: (0.21509553115256907, -0.14213776613104406)
1967.0: (-0.15008842734056926, -0.030926198595401383)
1969.0: (-0.15516951591286116, -0.003178377837693168)
1971.0: (-0.16231139437809083, -0.05487641943676683)
1973.0: (-0.1515514841074365, -0.09603632098104511)
1975.0: (-0.1471261547726577, -0.10894207576338187)
1977.0: (-0.12745691732528272, -0.08497196772226748)
1979.0: (0.1360355053228158, 0.11046647276869725)
1981.0: (-0.1721737287838601, 0.01858366992235719)
1983.0: (-0.17374589883628488, 0.005660616247847805)
1985.0: (-0.1901450825926236, -0.004427181131577449)
1987.0: (0.07379807547086185, -0.17469638320642017)
1989.0: (-0.0131597439156811, 0.1512029504363812)
1991.0: (0.08056560841821227, -0.14605606148602387)
1993.0: (-0.02914430768960919, 0.17997271380260385)
1995.0: (0.10537100292307787, -0.14548518586807513)
1997.0: (0.10261865051117065, -0.11568858715756078)
1999.0: (0.02830783263630296, 0.1797688429057697)
2001.0: (0.06324281791321236, 0.1530997853909954)
2003.0: (0.10009622660013982, 0.13901659145608541)
2005.0: (-0.155078310393952, -0.03117694944580609)
2007.0: (-0.11261202465849644, -0.041269796658476764)
2009.0: (-0.07090025496721879, -0.049622600554535684)
2011.0: (-0.03487328907228433, -0.0460602341088726)
2013.0: (0.19748457851423315, -0.044921011158947165)
2015.0: (0.2230732425056367, -0.07302491899828792)
2017.0: (-0.16731687626896774, -0.08890916918666779)
2019.0: (-0.16927959432155243, -0.062385656903844455)
2021.0: (0.16713871563431507, -0.06449420395047425)
2023.0: (0.19967764923849257, -0.06087646246579827)
2025.0: (0.23404685790978444, -0.06315806114705613)
2027.0: (0.24305078512955136, -0.09195082617354401)
2029.0: (0.24185357025214793, -0.10116880295529401)
2031.0: (-0.08351995836165989, -0.16421643157595356)
2033.0: (-0.14425062327375965, -0.2173935147758397)
2035.0: (-0.16782723542010772, -0.2575464638333437)
2037.0: (0.069770752250429, 0.10862520185806081)
2039.0: (0.07292306122780931, 0.07062206983167105)
2041.0: (-0.1149206575572726, -0.21322610130786473)
2043.0: (0.01689431753133417, 0.1405884939069711)
2045.0: (-0.013961260396546535, 0.09543003531643579)
2047.0: (-0.0481241552347664, 0.05207121565724955)
2049.0: (0.16377524765483803, -0.08253116613787448)
2051.0: (0.11739080986922243, -0.11234000333879927)
2053.0: (0.07248103082955505, -0.14361371534357134)
2055.0: (0.03627701314241481, -0.18161110610921413)
2057.0: (-0.00877893606412567, -0.19347477436549618)
2059.0: (-0.05284809747112604, -0.20803703031780596)
2061.0: (-0.21237727364703549, 0.11306702537124301)
2063.0: (-0.2506301073141261, 0.08507696503045638)
2065.0: (-0.2897371344635299, 0.06051320375920575)
2067.0: (0.01391533009687057, -0.18540730938498118)
2069.0: (-0.00940063078334658, -0.2284283629442071)
2071.0: (0.032555837818884346, 0.14195758167421532)
2073.0: (0.0785795096744132, -0.16492949779826582)
2075.0: (-0.16688250365868654, 0.02506020662407272)
2077.0: (-0.23366426419721684, 0.060042011038287435)
2079.0: (-0.18707111555431435, 0.0378168694606119)
2081.0: (-0.1404715977654397, 0.017567728624353754)
2083.0: (-0.09374803158128983, 0.005204975973410235)
2085.0: (-0.04817763691699194, -0.004333190833710799)
2087.0: (-0.030212154612580273, -0.039038365185503784)
2089.0: (-0.03397329853495314, -0.10304251208442777)
2091.0: (-0.05245187052334104, -0.162442132497113)
2093.0: (-0.05622026467816939, -0.22200920025466542)
2095.0: (-0.02211828873116908, 0.14433526772922)
2097.0: (0.006247957277274518, 0.09407387596885816)
2099.0: (0.022868228364678854, 0.029005174944466198)
2101.0: (0.05046286940515887, -0.032682282620327456)
2103.0: (-0.17768116373422907, 0.029211419015483416)
2105.0: (-0.1389790099849242, -0.032909558622356797)
2107.0: (-0.09616937092919065, -0.08973368889256583)
2109.0: (-0.20646909893636917, 0.013727287842692604)
2111.0: (-0.22689731793604376, 0.028075136247413174)
2113.0: (-0.20958516958944157, 0.023334500927396758)
2115.0: (0.16444171446084876, -0.10630741086167426)
2117.0: (0.1263879206003086, -0.15656310790068417)
2119.0: (0.1542003548961419, 0.08383108677047965)
2121.0: (-0.1941922043104676, 0.01931060951077413)
2123.0: (0.09196977337285316, -0.1423922381986514)
2125.0: (-0.16279552820781262, -0.022394443659767047)
2127.0: (-0.11699200770226625, -0.04826959403324482)
2129.0: (-0.1701149372251194, -0.04676207635982553)
2131.0: (-0.12414525137815288, -0.07449655424374647)
2133.0: (-0.08112766586854735, -0.10788898290801821)
2135.0: (0.10439647167496538, -0.19427144699632315)
2137.0: (0.10334060687723731, -0.24370680928195665)
2139.0: (0.09577540754623397, -0.29128665801587555)
2141.0: (0.13054582641198273, 0.09861792018228585)
2143.0: (-0.15372038289562479, -0.08793631938171047)
2145.0: (0.11860789294480699, 0.10123438553983549)
2147.0: (-0.14951626958262929, -0.09928907948782682)
2149.0: (0.10314901238983343, 0.1263344882695048)
2151.0: (0.0869658108036154, 0.13838410311566038)
2153.0: (0.08599133451193929, 0.08362539624135325)
2155.0: (-0.20021240029796133, -0.13283973082473233)
2157.0: (-0.1905417916974769, -0.16194359445106266)
2159.0: (-0.16637486700274146, -0.1798048131336685)
2161.0: (-0.12281978736515131, -0.203896067883566)
2163.0: (-0.08054110273493402, -0.22971852540683838)
2165.0: (-0.04307423009461817, -0.2593169873815768)
2167.0: (-0.004993201302722291, -0.2859274463348938)
2169.0: (0.036383027356433006, -0.30234923013009757)
2171.0: (0.07185883256472408, -0.2918215369363201)
2173.0: (0.23650902145861555, -0.04171021183912215)
2175.0: (0.27404449381868307, -0.05145986529316335)
2177.0: (0.3120171699536453, -0.060564654981070346)
2179.0: (0.3479815294004579, -0.06637086919901564)
2181.0: (0.3829954280481593, -0.07000787669332277)
2183.0: (0.36293707754671917, -0.04015589517877914)
2185.0: (0.3241484215653716, -0.079318877987743)
2187.0: (0.27841859125361196, -0.10828090226121415)
2189.0: (0.23586958948371756, -0.14100710108403947)
2191.0: (0.19028194904249196, -0.16511042158594752)
2193.0: (-0.17152688846048303, -0.12605722252387705)
2195.0: (-0.12990011312817093, 0.15810580130235372)
2197.0: (-0.135916418874849, 0.21128812121061027)
2199.0: (-0.17367960864314794, 0.19407863762227223)
2201.0: (-0.2123160864797535, 0.1606468218537256)
2203.0: (0.14943972099105615, 0.016275283948557453)
2205.0: (0.23936831229473118, 0.017544592379154147)
2207.0: (0.19347159941447997, -0.013530449865476867)
2209.0: (0.19367104784187594, 0.14016382847308184)
2211.0: (-0.023692062533768335, -0.23628338795920656)
2213.0: (-0.0629098081952477, -0.263515363710136)
2215.0: (-0.02849129476622951, -0.27847564774039174)
2217.0: (-0.032538093194754814, -0.319003919002751)
2219.0: (-0.031570057781000346, -0.3652107758535687)
2221.0: (-0.007978997045295234, -0.4023462545818714)
2223.0: (0.016060253560857628, -0.4382819397700676)
2225.0: (0.053404580227217245, -0.4530991010292008)
2227.0: (0.08906077675164073, -0.4674397548409787)
2229.0: (0.12352750415392197, -0.46312615205833707)
2231.0: (0.16177743700673755, -0.45763856685423304)
2233.0: (0.17548178266896367, -0.4432632444926196)
2235.0: (0.16565888124966166, -0.44525575218453234)
2237.0: (0.1572546557733339, -0.4482449516865806)
2239.0: (0.1522296859769395, -0.4521165610832511)
2241.0: (0.14335174739326542, -0.4544819369518466)
2243.0: (0.1314201138116069, -0.45292137880678546)
2245.0: (0.1359318537154776, -0.47372850205586164)
2247.0: (0.15286967658709358, -0.5099154559293385)
2249.0: (0.1748425228208832, -0.5435281614675769)
2251.0: (0.20137106293857923, -0.5679988604290015)
2253.0: (0.2371845105492798, -0.1090292286628442)
2255.0: (0.24958396505711447, 0.039142054574367535)
2257.0: (0.20737396434476368, 0.1400848431811676)
2259.0: (0.23087647342898748, 0.12945893588519208)
2261.0: (0.25994127705491726, 0.09466142579788492)
2263.0: (0.2843557114945272, 0.07311276557151994)
2265.0: (0.31383436889568533, 0.05474280338530062)
2267.0: (0.34845974142532976, 0.04708507950976069)
2269.0: (0.37864936743408023, 0.049296829701832696)
2271.0: (0.38554025325222724, 0.04788976250246928)
2273.0: (0.3749230777244906, 0.03436964405860398)
2275.0: (0.3568278119692224, 0.027089341723064535)
2277.0: (0.34494773127324757, 0.014569326953747866)
2279.0: (0.3324806215397817, 0.0032240316548864537)
2281.0: (0.31871943190683477, -0.0023748946108646286)
2283.0: (0.3078569130985406, -0.026939315293303793)
2285.0: (0.298481090090335, -0.0386689424592464)
2287.0: (0.2888152149603002, -0.050102303479250855)
2289.0: (0.2760785064419832, -0.05581382097757355)
2291.0: (0.28877825153785086, -0.10133784875153709)
2293.0: (0.2996627211439136, -0.1416892140936601)
